<?xml version="1.0" encoding="UTF-8"?>
<robot generator="Robot 6.1.1 (Python 3.11.3 on darwin)" generated="20250112 05:06:16.745" rpa="false" schemaversion="4">
<suite id="s1" name="Invalid Password" source="/Users/ananyakittipanchasap/Desktop/QA/QA/qa_FirstStep/Test.login/invalid_password.robot">
<test id="s1-t1" name="Verify Login Success" line="16">
<kw name="Open Browser" library="SeleniumLibrary">
<arg>${URL}</arg>
<arg>Chrome</arg>
<doc>Opens a new browser instance to the optional ``url``.</doc>
<msg timestamp="20250112 05:06:16.811" level="INFO">Opening browser 'Chrome' to base url 'https://practicetestautomation.com/practice-test-login/'.</msg>
<status status="PASS" starttime="20250112 05:06:16.811" endtime="20250112 05:06:21.658"/>
</kw>
<kw name="Input Text" library="SeleniumLibrary">
<arg>id=username</arg>
<arg>${USERNAME}</arg>
<doc>Types the given ``text`` into the text field identified by ``locator``.</doc>
<msg timestamp="20250112 05:06:21.661" level="INFO">Typing text 'incorrectUser' into text field 'id=username'.</msg>
<status status="PASS" starttime="20250112 05:06:21.659" endtime="20250112 05:06:21.793"/>
</kw>
<kw name="Input Text" library="SeleniumLibrary">
<arg>id=password</arg>
<arg>${PASSWORD}</arg>
<doc>Types the given ``text`` into the text field identified by ``locator``.</doc>
<msg timestamp="20250112 05:06:21.794" level="INFO">Typing text 'Password123' into text field 'id=password'.</msg>
<status status="PASS" starttime="20250112 05:06:21.793" endtime="20250112 05:06:21.839"/>
</kw>
<kw name="Click Button" library="SeleniumLibrary">
<arg>id=submit</arg>
<doc>Clicks the button identified by ``locator``.</doc>
<msg timestamp="20250112 05:06:21.839" level="INFO">Clicking button 'id=submit'.</msg>
<status status="PASS" starttime="20250112 05:06:21.839" endtime="20250112 05:06:21.881"/>
</kw>
<kw name="Wait Until Element Is Visible" library="SeleniumLibrary">
<arg>xpath=//div[@class="show"]</arg>
<doc>Waits until the element ``locator`` is visible.</doc>
<status status="PASS" starttime="20250112 05:06:21.882" endtime="20250112 05:06:21.906"/>
</kw>
<kw name="Element Text Should Be" library="SeleniumLibrary">
<arg>xpath=//div[@class="show"]</arg>
<arg>${WELCOME_MSG}</arg>
<doc>Verifies that element ``locator`` contains exact the text ``expected``.</doc>
<msg timestamp="20250112 05:06:21.907" level="INFO">Verifying element 'xpath=//div[@class="show"]' contains exact text 'Your username is invalid!'.</msg>
<status status="PASS" starttime="20250112 05:06:21.906" endtime="20250112 05:06:21.919"/>
</kw>
<kw name="Close Browser" library="SeleniumLibrary">
<doc>Closes the current browser.</doc>
<status status="PASS" starttime="20250112 05:06:21.919" endtime="20250112 05:06:21.991"/>
</kw>
<status status="PASS" starttime="20250112 05:06:16.811" endtime="20250112 05:06:21.992"/>
</test>
<status status="PASS" starttime="20250112 05:06:16.746" endtime="20250112 05:06:21.992"/>
</suite>
<statistics>
<total>
<stat pass="1" fail="0" skip="0">All Tests</stat>
</total>
<tag>
</tag>
<suite>
<stat pass="1" fail="0" skip="0" id="s1" name="Invalid Password">Invalid Password</stat>
</suite>
</statistics>
<errors>
</errors>
</robot>
