<?xml version="1.0" encoding="UTF-8"?>
<robot generator="Robot 6.1.1 (Python 3.11.3 on darwin)" generated="20240224 04:13:42.064" rpa="false" schemaversion="4">
<suite id="s1" name="BlazeDemo" source="/Users/ananyakittipanchasap/Desktop/QA/QA/qa_FirstStep/Test.blazedemo/BlazeDemo.robot">
<kw name="Open Browser" library="SeleniumLibrary" type="SETUP">
<arg>${URL}</arg>
<arg>${BROWSER}</arg>
<doc>Opens a new browser instance to the optional ``url``.</doc>
<msg timestamp="20240224 04:13:42.250" level="INFO">Opening browser 'Chrome' to base url 'https://blazedemo.com/'.</msg>
<status status="PASS" starttime="20240224 04:13:42.249" endtime="20240224 04:13:46.185"/>
</kw>
<test id="s1-t1" name="Choose your departure city" line="13">
<kw name="Select From List By Value" library="SeleniumLibrary">
<arg>xpath://select[@name='fromPort']</arg>
<arg>Paris</arg>
<doc>Selects options from selection list ``locator`` by ``values``.</doc>
<msg timestamp="20240224 04:13:46.191" level="INFO">Selecting options from selection list 'xpath://select[@name='fromPort']' by value Paris.</msg>
<status status="PASS" starttime="20240224 04:13:46.189" endtime="20240224 04:13:46.230"/>
</kw>
<kw name="Select From List By Value" library="SeleniumLibrary">
<arg>xpath://select[@name='toPort']</arg>
<arg>Rome</arg>
<doc>Selects options from selection list ``locator`` by ``values``.</doc>
<msg timestamp="20240224 04:13:46.231" level="INFO">Selecting options from selection list 'xpath://select[@name='toPort']' by value Rome.</msg>
<status status="PASS" starttime="20240224 04:13:46.230" endtime="20240224 04:13:46.277"/>
</kw>
<kw name="Click Button" library="SeleniumLibrary">
<arg>css:input[type='submit']</arg>
<doc>Clicks the button identified by ``locator``.</doc>
<msg timestamp="20240224 04:13:46.278" level="INFO">Clicking button 'css:input[type='submit']'.</msg>
<status status="PASS" starttime="20240224 04:13:46.277" endtime="20240224 04:13:46.709"/>
</kw>
<kw name="Wait Until Page Contains" library="SeleniumLibrary">
<arg>${expected_result}</arg>
<doc>Waits until ``text`` appears on the current page.</doc>
<status status="PASS" starttime="20240224 04:13:46.711" endtime="20240224 04:13:46.750"/>
</kw>
<kw name="Get WebElements" library="SeleniumLibrary">
<var>@{flights}</var>
<arg>css:table[class='table']&gt;tbody tr</arg>
<doc>Returns a list of WebElement objects matching the ``locator``.</doc>
<msg timestamp="20240224 04:13:46.761" level="INFO">@{flights} = [ &lt;selenium.webdriver.remote.webelement.WebElement (session="5a658c128d32efbd1cd4efd3237b69c4", element="4BF8F197CE0175D9DAD2ACB50EE71320_element_249")&gt; | &lt;selenium.webdriver.remote.webelement.WebElem...</msg>
<status status="PASS" starttime="20240224 04:13:46.750" endtime="20240224 04:13:46.762"/>
</kw>
<kw name="Should Not Be Empty" library="BuiltIn">
<arg>${flights}</arg>
<doc>Verifies that the given item is not empty.</doc>
<msg timestamp="20240224 04:13:46.763" level="INFO">Length is 5</msg>
<status status="PASS" starttime="20240224 04:13:46.762" endtime="20240224 04:13:46.764"/>
</kw>
<kw name="Click Button" library="SeleniumLibrary">
<arg>css:input[type='submit']</arg>
<doc>Clicks the button identified by ``locator``.</doc>
<msg timestamp="20240224 04:13:46.765" level="INFO">Clicking button 'css:input[type='submit']'.</msg>
<status status="PASS" starttime="20240224 04:13:46.764" endtime="20240224 04:13:47.311"/>
</kw>
<kw name="Wait Until Page Contains" library="SeleniumLibrary">
<arg>${expected_result}</arg>
<doc>Waits until ``text`` appears on the current page.</doc>
<status status="PASS" starttime="20240224 04:13:47.312" endtime="20240224 04:13:47.324"/>
</kw>
<kw name="Sleep" library="BuiltIn">
<arg>5s</arg>
<doc>Pauses the test executed for the given time.</doc>
<msg timestamp="20240224 04:13:52.326" level="INFO">Slept 5 seconds</msg>
<status status="PASS" starttime="20240224 04:13:47.325" endtime="20240224 04:13:52.327"/>
</kw>
<status status="PASS" starttime="20240224 04:13:46.186" endtime="20240224 04:13:52.329"/>
</test>
<kw name="Close All Browsers" library="SeleniumLibrary" type="TEARDOWN">
<doc>Closes all open browsers and resets the browser cache.</doc>
<status status="PASS" starttime="20240224 04:13:52.333" endtime="20240224 04:13:52.412"/>
</kw>
<status status="PASS" starttime="20240224 04:13:42.068" endtime="20240224 04:13:52.413"/>
</suite>
<statistics>
<total>
<stat pass="1" fail="0" skip="0">All Tests</stat>
</total>
<tag>
</tag>
<suite>
<stat pass="1" fail="0" skip="0" id="s1" name="BlazeDemo">BlazeDemo</stat>
</suite>
</statistics>
<errors>
</errors>
</robot>
