<?xml version="1.0" encoding="UTF-8"?>
<robot generator="Robot 6.1.1 (Python 3.11.3 on darwin)" generated="20240223 23:03:06.329" rpa="false" schemaversion="4">
<suite id="s1" name="Test APIRequest" source="/Users/ananyakittipanchasap/Desktop/QA/QA/qa_FirstStep/Test_APIRequest.robot">
<test id="s1-t1" name="Quick Get Request Test" line="6">
<kw name="GET" library="RequestsLibrary">
<var>${reponse}</var>
<arg>https://www.facebook.com</arg>
<doc>Sends a GET request.</doc>
<msg timestamp="20240223 23:03:07.346" level="INFO">GET Request : url=https://www.facebook.com/ (redirected) 
 path_url=/ 
 headers={'User-Agent': 'python-requests/2.31.0', 'Accept-Encoding': 'gzip, deflate', 'Accept': '*/*', 'Connection': 'keep-alive'} 
 body=None 
 </msg>
<msg timestamp="20240223 23:03:07.350" level="INFO">GET Response : url=https://web.facebook.com/?_rdc=1&amp;_rdr 
 status=200, reason=OK 
 headers={'Vary': 'Accept-Encoding', 'Content-Encoding': 'gzip', 'Set-Cookie': 'fr=0rnicFuihqVpqYwqZ..Bl2MG7..AAA.0.0.Bl2MG7.AWUzvHiNzG8; expires=Thu, 23-May-2024 16:03:07 GMT; Max-Age=7776000; path=/; domain=.facebook.com; secure; httponly, sb=u8HYZY8aY8Sa0NvMllqCkm0U; expires=Sat, 29-Mar-2025 16:03:07 GMT; Max-Age=34560000; path=/; domain=.facebook.com; secure; httponly', 'reporting-endpoints': 'coop_report="https://web.facebook.com/browser_reporting/coop/?minimize=0", coep_report="https://web.facebook.com/browser_reporting/coep/?minimize=0", default="https://web.facebook.com/ajax/browser_error_reports/?device_level=unknown", permissions_policy="https://web.facebook.com/ajax/browser_error_reports/"', 'report-to': '{"max_age":2592000,"endpoints":[{"url":"https:\\/\\/web.facebook.com\\/browser_reporting\\/coop\\/?minimize=0"}],"group":"coop_report","include_subdomains":true}, {"max_age":86400,"endpoints":[{"url":"https:\\/\\/web.facebook.com\\/browser_reporting\\/coep\\/?minimize=0"}],"group":"coep_report"}, {"max_age":259200,"endpoints":[{"url":"https:\\/\\/web.facebook.com\\/ajax\\/browser_error_reports\\/?device_level=unknown"}]}, {"max_age":21600,"endpoints":[{"url":"https:\\/\\/web.facebook.com\\/ajax\\/browser_error_reports\\/"}],"group":"permissions_policy"}', 'content-security-policy': "default-src data: blob: 'self' https://*.fbsbx.com 'unsafe-inline' *.facebook.com *.fbcdn.net 'unsafe-eval';script-src *.facebook.com *.fbcdn.net *.facebook.net *.google-analytics.com *.google.com 127.0.0.1:* 'unsafe-inline' blob: data: 'self' connect.facebook.net 'unsafe-eval';style-src fonts.googleapis.com *.fbcdn.net data: *.facebook.com 'unsafe-inline';connect-src *.facebook.com facebook.com *.fbcdn.net *.facebook.net wss://*.facebook.com:* wss://*.whatsapp.com:* wss://*.fbcdn.net attachment.fbsbx.com ws://localhost:* blob: *.cdninstagram.com 'self' http://localhost:3103 wss://gateway.facebook.com wss://edge-chat.facebook.com wss://snaptu-d.facebook.com wss://kaios-d.facebook.com/ v.whatsapp.net *.fbsbx.com *.fb.com;font-src data: *.gstatic.com *.facebook.com *.fbcdn.net *.fbsbx.com;img-src *.fbcdn.net *.facebook.com data: https://*.fbsbx.com facebook.com *.cdninstagram.com fbsbx.com fbcdn.net connect.facebook.net *.carriersignal.info blob: android-webview-video-poster: googleads.g.doubleclick.net www.googleadservices.com *.whatsapp.net *.fb.com *.oculuscdn.com *.tenor.co *.tenor.com *.giphy.com;media-src *.cdninstagram.com blob: *.fbcdn.net *.fbsbx.com www.facebook.com *.facebook.com data: *.tenor.co *.tenor.com https://*.giphy.com;frame-src *.doubleclick.net *.google.com *.facebook.com www.googleadservices.com *.fbsbx.com fbsbx.com data: www.instagram.com *.fbcdn.net https://paywithmybank.com/ https://sandbox.paywithmybank.com/;worker-src blob: *.facebook.com data:;block-all-mixed-content;upgrade-insecure-requests;", 'document-policy': 'force-load-at-top', 'permissions-policy-report-only': 'clipboard-read=(), clipboard-write=();report-to="permissions_policy"', 'permissions-policy': 'accelerometer=(), ambient-light-sensor=(), autoplay=(), bluetooth=(), camera=(self), clipboard-write=(self), display-capture=(self), encrypted-media=(self), fullscreen=(self), gamepad=*, geolocation=(self), gyroscope=(), hid=(), idle-detection=(), keyboard-map=(), local-fonts=(), magnetometer=(), microphone=(self), midi=(), otp-credentials=(), payment=(), picture-in-picture=(self), publickey-credentials-get=(self), screen-wake-lock=(), serial=(), usb=(), window-management=(), xr-spatial-tracking=(self);report-to="permissions_policy"', 'cross-origin-resource-policy': 'cross-origin', 'cross-origin-embedder-policy-report-only': 'require-corp;report-to="coep_report"', 'cross-origin-opener-policy': 'unsafe-none;report-to="coop_report"', 'Pragma': 'no-cache', 'Cache-Control': 'private, no-cache, no-store, must-revalidate', 'Expires': 'Sat, 01 Jan 2000 00:00:00 GMT', 'X-Content-Type-Options': 'nosniff', 'X-XSS-Protection': '0', 'X-Frame-Options': 'DENY', 'Strict-Transport-Security': 'max-age=15552000; preload', 'Content-Type': 'text/html; charset="utf-8"', 'X-FB-Debug': 'iIX5QdGc1qgkepV7wOsxOXTsmiz0sPvZzob6qnaT0peLQiqN1Bqkgv2xJqvlAjaYgutjBbwMz/4dbQVgBBQItA==', 'Date': 'Fri, 23 Feb 2024 16:03:07 GMT', 'Alt-Svc': 'h3=":443"; ma=86400', 'Transfer-Encoding': 'chunked', 'Connection': 'keep-alive'} 
 body=&lt;!DOCTYPE html&gt;
&lt;html lang="th" id="facebook" class="no_js"&gt;
&lt;head&gt;&lt;meta charset="utf-8" /&gt;&lt;meta name="referrer" content="default" id="meta_referrer" /&gt;&lt;script nonce="AvgkxJ6W"&gt;function envFlush(a){function b(b){for(var c in a)b[c]=a[c]}window.requireLazy?window.requireLazy(["Env"],b):(window.Env=window.Env||{},b(window.Env))}envFlush({"hostnameRewriterConfig":{"site":"internet.org","inboundName":"web.facebook.com","cdnDomainName":null},"useTrustedTypes":false,"isTrustedTypesReportOnly":false,"ajaxpipe_token":"AXhB2jgIUgDU2_NpKnc","remove_heartbeat":false,"stack_trace_limit":30,"timesliceBufferSize":5000,"show_invariant_decoder":false,"compat_iframe_token":"AQ5GuzFa_30XPI5vM60","isCQuick":false});&lt;/script&gt;&lt;script nonce="AvgkxJ6W"&gt;(function(a){function b(b){if(!window.openDatabase)return;b.I_AM_INCOGNITO_AND_I_REALLY_NEED_WEBSQL=function(a,b,c,d){return window.openDatabase(a,b,c,d)};window.openDatabase=function(){throw new Error()}}b(a)})(this);&lt;/script&gt;&lt;style nonce="AvgkxJ6W"&gt;&lt;/style&gt;&lt;script nonce="AvgkxJ6W"&gt;__DEV__=0;&lt;/script&gt;&lt;noscript&gt;&lt;meta http-equiv="refresh" content="0; URL=/?_rdc=1&amp;amp;_rdr&amp;amp;_fb_noscript=1" /&gt;&lt;/noscript&gt;&lt;link rel="manifest" id="MANIFEST_LINK" href="/data/manifest/" crossorigin="use-credentials" /&gt;&lt;title id="pageTitle"&gt;Facebook - เข้าสู่ระบบหรือสมัครใช้งาน&lt;/title&gt;&lt;meta property="og:site_name" content="Facebook" /&gt;&lt;meta property="og:url" content="https://web.facebook.com/" /&gt;&lt;meta property="og:image" content="https://www.facebook.com/images/fb_icon_325x325.png" /&gt;&lt;meta property="og:locale" content="th_TH" /&gt;&lt;link rel="alternate" media="only screen and (max-width: 640px)" href="https://m.facebook.com/" /&gt;&lt;link rel="alternate" media="handheld" href="https://m.facebook.com/" /&gt;&lt;meta name="description" content="&amp;#xe40;&amp;#xe02;&amp;#xe49;&amp;#xe32;&amp;#xe2a;&amp;#xe39;&amp;#xe48;&amp;#xe23;&amp;#xe30;&amp;#xe1a;&amp;#xe1a; Facebook &amp;#xe40;&amp;#xe1e;&amp;#xe37;&amp;#xe48;&amp;#xe2d;&amp;#xe40;&amp;#xe23;&amp;#xe34;&amp;#xe48;&amp;#xe21;&amp;#xe41;&amp;#xe0a;&amp;#xe23;&amp;#xe4c;&amp;#xe41;&amp;#xe25;&amp;#xe30;&amp;#xe40;&amp;#xe0a;&amp;#xe37;&amp;#xe48;&amp;#xe2d;&amp;#xe21;&amp;#xe15;&amp;#xe48;&amp;#xe2d;&amp;#xe01;&amp;#xe31;&amp;#xe1a;&amp;#xe40;&amp;#xe1e;&amp;#xe37;&amp;#xe48;&amp;#xe2d;&amp;#xe19;&amp;#xe46; &amp;#xe04;&amp;#xe23;&amp;#xe2d;&amp;#xe1a;&amp;#xe04;&amp;#xe23;&amp;#xe31;&amp;#xe27; &amp;#xe41;&amp;#xe25;&amp;#xe30;&amp;#xe04;&amp;#xe19;&amp;#xe17;&amp;#xe35;&amp;#xe48;&amp;#xe04;&amp;#xe38;&amp;#xe13;&amp;#xe23;&amp;#xe39;&amp;#xe49;&amp;#xe08;&amp;#xe31;&amp;#xe01;" /&gt;&lt;link rel="canonical" href="https://web.facebook.com/" /&gt;&lt;link rel="icon" href="https://static.xx.fbcdn.net/rsrc.php/yv/r/B8BxsscfVBr.ico" /&gt;&lt;link type="text/css" rel="stylesheet" href="https://static.xx.fbcdn.net/rsrc.php/v3/yI/l/2,cross/XpIoINq6afI.css?_nc_x=Ij3Wp8lg5Kz" data-bootloader-hash="iPjXPF0" /&gt;
&lt;link type="text/css" rel="stylesheet" href="https://static.xx.fbcdn.net/rsrc.php/v3/y_/l/2,cross/udnblM58Trc.css?_nc_x=Ij3Wp8lg5Kz" data-bootloader-hash="BvHxbgz" /&gt;
&lt;link type="text/css" rel="stylesheet" href="https://static.xx.fbcdn.net/rsrc.php/v3/y7/l/2,cross/Lt-pg1Kxx24.css?_nc_x=Ij3Wp8lg5Kz" data-bootloader-hash="lAo+R8j" /&gt;
&lt;link type="text/css" rel="stylesheet" href="https://static.xx.fbcdn.net/rsrc.php/v3/yv/l/2,cross/cfu5wmQol9T.css?_nc_x=Ij3Wp8lg5Kz" data-bootloader-hash="A044oWi" /&gt;
&lt;script src="https://static.xx.fbcdn.net/rsrc.php/v3/yR/r/DzCBGzwb7Ip.js?_nc_x=Ij3Wp8lg5Kz" data-bootloader-hash="YNauq63" nonce="AvgkxJ6W"&gt;&lt;/script&gt;
&lt;script nonce="AvgkxJ6W"&gt;requireLazy(["HasteSupportData"],function(m){m.handle({"clpData":{"1838142":{"r":1,"s":1},"4883":{"r":1,"s":1},"1814852":{"r":1},"1837559":{"r":1},"1848815":{"r":10000,"s":1}},"gkxData":{"20935":{"result":false,"hash":null},"20939":{"result":true,"hash":null},"20940":{"result":false,"hash":null},"21043":{"result":false,"hash":null},"20836":{"result":false,"hash":null},"20936":{"result":false,"hash":null},"20948":{"result":true,"hash":null},"25572":{"result":false,"hash":null},"25571":{"result":false,"hash":null}}})});requireLazy(["TimeSliceImpl","ServerJS"],function(TimeSlice,ServerJS){(new ServerJS()).handle({"define":[["cr:310",["RunWWW"],{"__rc":["RunWWW",null]},-1],["cr:1126",["TimeSliceImpl"],{"__rc":["TimeSliceImpl",null]},-1],["cr:6640",["PromiseImpl"],{"__rc":["PromiseImpl",null]},-1],["cr:7386",["clearTimeoutWWW"],{"__rc":["clearTimeoutWWW",null]},-1],["cr:7390",["setTimeoutWWW"],{"__rc":["setTimeoutWWW",null]},-1],["cr:8958",["FBJSON"],{"__rc":["FBJSON",null]},-1],["cr:1078",[],{"__rc":[null,null]},-1],["cr:1080",["unexpectedUseInComet"],{"__rc":["unexpectedUseInComet",null]},-1],["cr:6108",["CSS"],{"__rc":["CSS",null]},-1],["cr:7385",["clearIntervalWWW"],{"__rc":["clearIntervalWWW",null]},-1],["cr:7389",["setIntervalAcrossTransitionsWWW"],{"__rc":["setIntervalAcrossTransitionsWWW",null]},-1],["cr:7391",["setTimeoutAcrossTransitionsWWW"],{"__rc":["setTimeoutAcrossTransitionsWWW",null]},-1],["cr:7936",["BlueCompatRouter"],{"__rc":["BlueCompatRouter",null]},-1],["cr:8959",["DTSG"],{"__rc":["DTSG",null]},-1],["cr:8960",["DTSG_ASYNC"],{"__rc":["DTSG_ASYNC",null]},-1],["cr:696703",[],{"__rc":[null,null]},-1],["cr:708886",["EventProfilerImpl"],{"__rc":["EventProfilerImpl",null]},-1],["cr:135",["RunBlue"],{"__rc":["RunBlue",null]},-1],["cr:6669",["DataStore"],{"__rc":["DataStore",null]},-1],["ServerNonce",[],{"ServerNonce":"K8qWV_3fpbUYFZZyj9MvZx"},141],["KSConfig",[],{"killed":{"__set":["POCKET_MONSTERS_CREATE","POCKET_MONSTERS_DELETE","WORKPLACE_PLATFORM_SECURE_APPS_MAILBOXES","POCKET_MONSTERS_UPDATE_NAME","TPA_SRT_TRANSLATION","WORKROOMS_REQUEST_TAGGING_TAG_NO_INIT_BY_VC_GALAXY"]},"ko":{"__set":["acrJTh9WGdp","1oOE64fL4wO","5XCz1h9Iaw3","7r6mSP7ofr2","3sKizTQ6byg","6XsXQ2qHw8y"]}},2580],["InitialCookieConsent",[],{"deferCookies":false,"initialConsent":[1,2],"noCookies":false,"shouldShowCookieBanner":false,"shouldWaitForDeferredDatrCookie":false},4328],["CookieConsentIFrameConfig",[],{"consent_param":"FQAREhISAA==.ARYn0ZZyfDEED1hW_gc9-oGLmZqox1nq8L-L47qUZOCpih2R","allowlisted_iframes":[],"is_checkpointed":false},5540],["ServerTimeData",[],{"serverTime":1708704187211,"timeOfRequestStart":1708704187165,"timeOfResponseStart":1708704187165},5943],["URLFragmentPreludeConfig",[],{"hashtagRedirect":true,"fragBlacklist":["nonce","access_token","oauth_token","xs","checkpoint_data","code"]},137],["CometPersistQueryParams",[],{"relative":{},"domain":{}},6231],["CookieDomain",[],{"domain":"facebook.com"},6421],["GetAsyncParamsExtraData",[],{"extra_data":{}},7511],["BootloaderConfig",[],{"deferBootloads":false,"jsRetries":[200,500],"jsRetryAbortNum":2,"jsRetryAbortTime":5,"silentDups":false,"timeout":60000,"tieredLoadingFromTier":100,"hypStep4":false,"phdOn":false,"btCutoffIndex":2158,"fastPathForAlreadyRequired":true,"earlyRequireLazy":false,"enableTimeoutLoggingForNonComet":false,"deferLongTailManifest":true,"lazySoT":false,"translationRetries":[200,500],"translationRetryAbortNum":3,"translationRetryAbortTime":50},329],["CSSLoaderConfig",[],{"timeout":5000,"modulePrefix":"BLCSS:","forcePollForBootloader":true},619],["CookieCoreConfig",[],{"c_user":{"t":31536000},"cppo":{"t":86400},"dpr":{"t":604800},"fbl_ci":{"t":31536000},"fbl_cs":{"t":31536000},"fbl_st":{"t":31536000},"i_user":{"t":31536000},"locale":{"t":604800},"m_ls":{"t":34560000},"m_pixel_ratio":{"t":604800},"noscript":{},"presence":{"t":2592000},"sfau":{},"usida":{},"vpd":{"t":5184000},"wd":{"t":604800},"wl_cbv":{"t":7776000},"x-referer":{},"x-src":{"t":1}},2104],["CurrentUserInitialData",[],{"ACCOUNT_ID":"0","USER_ID":"0","NAME":"","SHORT_NAME":null,"IS_BUSINESS_PERSON_ACCOUNT":false,"HAS_SECONDARY_BUSINESS_PERSON":false,"IS_FACEBOOK_WORK_ACCOUNT":false,"IS_MESSENGER_ONLY_USER":false,"IS_DEACTIVATED_ALLOWED_ON_MESSENGER":false,"IS_MESSENGER_CALL_GUEST_USER":false,"IS_WORK_MESSENGER_CALL_GUEST_USER":false,"IS_WORKROOMS_USER":false,"APP_ID":"256281040558","IS_BUSINESS_DOMAIN":false},270],["LSD",[],{"token":"AVpnyUQ6XYE"},323],["SiteData",[],{"server_revision":1011609418,"client_revision":1011609418,"tier":"","push_phase":"C3","pkg_cohort":"BP:DEFAULT","haste_session":"19776.BP:DEFAULT.2.0..0.0","pr":1,"haste_site":"www","manifest_base_uri":"https:\/\/static.xx.fbcdn.net","manifest_origin":null,"manifest_version_prefix":null,"be_one_ahead":false,"is_rtl":false,"is_comet":false,"is_experimental_tier":false,"is_jit_warmed_up":true,"hsi":"7338828602446724210","semr_host_bucket":"5","bl_hash_version":2,"skip_rd_bl":true,"comet_env":0,"wbloks_env":false,"ef_page":null,"compose_bootloads":false,"spin":4,"__spin_r":1011609418,"__spin_b":"trunk","__spin_t":1708704187,"vip":"2a03:2880:f0a7:110:face:b00c:0:2"},317],["SprinkleConfig",[],{"param_name":"jazoest","version":2,"should_randomize":false},2111],["UserAgentData",[],{"browserArchitecture":"32","browserFullVersion":null,"browserMinorVersion":null,"browserName":"Unknown","browserVersion":null,"deviceName":"Unknown","engineName":"Unknown","engineVersion":null,"platformArchitecture":"32","platformName":"Unknown","platformVersion":null,"platformFullVersion":null},527],["PromiseUsePolyfillSetImmediateGK",[],{"www_always_use_polyfill_setimmediate":false},2190],["JSErrorLoggingConfig",[],{"appId":256281040558,"extra":[],"reportInterval":50,"sampleWeight":null,"sampleWeightKey":"__jssesw","projectBlocklist":[]},2776],["DataStoreConfig",[],{"expandoKey":"__FB_STORE","useExpando":true},2915],["CookieCoreLoggingConfig",[],{"maximumIgnorableStallMs":16.67,"sampleRate":9.7e-5,"sampleRateClassic":1.0e-10,"sampleRateFastStale":1.0e-8},3401],["ImmediateImplementationExperiments",[],{"prefer_message_channel":true},3419],["UriNeedRawQuerySVConfig",[],{"uris":["dms.netmng.com","doubleclick.net","r.msn.com","watchit.sky.com","graphite.instagram.com","www.kfc.co.th","learn.pantheon.io","www.landmarkshops.in","www.ncl.com","s0.wp.com","www.tatacliq.com","bs.serving-sys.com","kohls.com","lazada.co.th","xg4ken.com","technopark.ru","officedepot.com.mx","bestbuy.com.mx","booking.com","nibio.no","myworkdayjobs.com","united-united.com"]},3871],["WebConnectionClassServerGuess",[],{"connectionClass":"EXCELLENT"},4705],["BootloaderEndpointConfig",[],{"debugNoBatching":false,"maxBatchSize":-1,"endpointURI":"https:\/\/web.facebook.com\/ajax\/boo... (set the log level to DEBUG or TRACE to see the full content) 
 </msg>
<msg timestamp="20240223 23:03:07.351" level="INFO">${reponse} = &lt;Response [200]&gt;</msg>
<status status="PASS" starttime="20240223 23:03:06.362" endtime="20240223 23:03:07.351"/>
</kw>
<status status="PASS" starttime="20240223 23:03:06.362" endtime="20240223 23:03:07.352"/>
</test>
<status status="PASS" starttime="20240223 23:03:06.331" endtime="20240223 23:03:07.354"/>
</suite>
<statistics>
<total>
<stat pass="1" fail="0" skip="0">All Tests</stat>
</total>
<tag>
</tag>
<suite>
<stat pass="1" fail="0" skip="0" id="s1" name="Test APIRequest">Test APIRequest</stat>
</suite>
</statistics>
<errors>
</errors>
</robot>
