<?xml version="1.0" encoding="UTF-8"?>
<robot generator="Robot 6.1.1 (Python 3.11.3 on darwin)" generated="20250112 02:52:53.733" rpa="false" schemaversion="4">
<suite id="s1" name="BlazeDemo" source="/Users/ananyakittipanchasap/Desktop/QA/QA/qa_FirstStep/Test.blazedemo/BlazeDemo.robot">
<kw name="Open Browser" library="SeleniumLibrary" type="SETUP">
<arg>${URL}</arg>
<arg>${BROWSER}</arg>
<doc>Opens a new browser instance to the optional ``url``.</doc>
<msg timestamp="20250112 02:52:53.834" level="INFO">Opening browser 'safari' to base url 'https://blazedemo.com/'.</msg>
<status status="PASS" starttime="20250112 02:52:53.833" endtime="20250112 02:52:57.039"/>
</kw>
<test id="s1-t1" name="Choose your departure &amp; Destination city" line="21">
<kw name="Select From List By Value" library="SeleniumLibrary">
<arg>xpath://select[@name='fromPort']</arg>
<arg>Paris</arg>
<doc>Selects options from selection list ``locator`` by ``values``.</doc>
<msg timestamp="20250112 02:52:57.043" level="INFO">Selecting options from selection list 'xpath://select[@name='fromPort']' by value Paris.</msg>
<status status="PASS" starttime="20250112 02:52:57.041" endtime="20250112 02:52:57.075"/>
</kw>
<kw name="Select From List By Value" library="SeleniumLibrary">
<arg>xpath://select[@name='toPort']</arg>
<arg>Rome</arg>
<doc>Selects options from selection list ``locator`` by ``values``.</doc>
<msg timestamp="20250112 02:52:57.076" level="INFO">Selecting options from selection list 'xpath://select[@name='toPort']' by value Rome.</msg>
<status status="PASS" starttime="20250112 02:52:57.075" endtime="20250112 02:52:57.113"/>
</kw>
<kw name="Click Button" library="SeleniumLibrary">
<arg>css:input[type='submit']</arg>
<doc>Clicks the button identified by ``locator``.</doc>
<msg timestamp="20250112 02:52:57.114" level="INFO">Clicking button 'css:input[type='submit']'.</msg>
<status status="PASS" starttime="20250112 02:52:57.114" endtime="20250112 02:52:57.149"/>
</kw>
<kw name="Get WebElements" library="SeleniumLibrary">
<var>@{flights}</var>
<arg>css:table[class='table']&gt;tbody tr</arg>
<doc>Returns a list of WebElement objects matching the ``locator``.</doc>
<msg timestamp="20250112 02:52:57.155" level="INFO">@{flights} = [ ]</msg>
<status status="PASS" starttime="20250112 02:52:57.149" endtime="20250112 02:52:57.155"/>
</kw>
<kw name="Click Button" library="SeleniumLibrary">
<arg>css:input[type='submit']</arg>
<doc>Clicks the button identified by ``locator``.</doc>
<msg timestamp="20250112 02:52:57.156" level="INFO">Clicking button 'css:input[type='submit']'.</msg>
<status status="PASS" starttime="20250112 02:52:57.156" endtime="20250112 02:52:57.175"/>
</kw>
<status status="PASS" starttime="20250112 02:52:57.040" endtime="20250112 02:52:57.175"/>
</test>
<status status="PASS" starttime="20250112 02:52:53.737" endtime="20250112 02:52:57.176"/>
</suite>
<statistics>
<total>
<stat pass="1" fail="0" skip="0">All Tests</stat>
</total>
<tag>
</tag>
<suite>
<stat pass="1" fail="0" skip="0" id="s1" name="BlazeDemo">BlazeDemo</stat>
</suite>
</statistics>
<errors>
</errors>
</robot>
