<?xml version="1.0" encoding="UTF-8"?>
<robot generator="Robot 6.1.1 (Python 3.11.3 on darwin)" generated="20250114 21:35:33.088" rpa="false" schemaversion="4">
<suite id="s1" name="Invalid Password" source="/Users/ananyakittipanchasap/Desktop/QA/QA/qa_FirstStep/Test.login/invalid_password.robot">
<test id="s1-t1" name="Verify Invalid Password Error" line="17">
<kw name="Open Browser" library="SeleniumLibrary">
<arg>${URL}</arg>
<arg>Chrome</arg>
<doc>Opens a new browser instance to the optional ``url``.</doc>
<msg timestamp="20250114 21:35:33.153" level="INFO">Opening browser 'Chrome' to base url 'https://practicetestautomation.com/practice-test-login/'.</msg>
<status status="PASS" starttime="20250114 21:35:33.153" endtime="20250114 21:35:36.689"/>
</kw>
<kw name="Input Text" library="SeleniumLibrary">
<arg>xpath=//input[@id='username']</arg>
<arg>${USERNAME}</arg>
<doc>Types the given ``text`` into the text field identified by ``locator``.</doc>
<msg timestamp="20250114 21:35:36.692" level="INFO">Typing text 'student' into text field 'xpath=//input[@id='username']'.</msg>
<status status="PASS" starttime="20250114 21:35:36.690" endtime="20250114 21:35:36.844"/>
</kw>
<kw name="Input Text" library="SeleniumLibrary">
<arg>xpath=//input[@id='password']</arg>
<arg>${INVALID_PASSWORD}</arg>
<doc>Types the given ``text`` into the text field identified by ``locator``.</doc>
<msg timestamp="20250114 21:35:36.845" level="INFO">Typing text 'wrong_password' into text field 'xpath=//input[@id='password']'.</msg>
<status status="PASS" starttime="20250114 21:35:36.844" endtime="20250114 21:35:36.887"/>
</kw>
<kw name="Click Button" library="SeleniumLibrary">
<arg>xpath=//button[@id='submit']</arg>
<doc>Clicks the button identified by ``locator``.</doc>
<msg timestamp="20250114 21:35:36.887" level="INFO">Clicking button 'xpath=//button[@id='submit']'.</msg>
<status status="PASS" starttime="20250114 21:35:36.887" endtime="20250114 21:35:36.925"/>
</kw>
<kw name="Wait Until Element Is Visible" library="SeleniumLibrary">
<arg>xpath=//div[@id='error']</arg>
<arg>timeout=10 seconds</arg>
<doc>Waits until the element ``locator`` is visible.</doc>
<status status="PASS" starttime="20250114 21:35:36.925" endtime="20250114 21:35:37.169"/>
</kw>
<kw name="Element Text Should Be" library="SeleniumLibrary">
<arg>xpath=//div[@id='error']</arg>
<arg>${ERROR_MESSAGE}</arg>
<doc>Verifies that element ``locator`` contains exact the text ``expected``.</doc>
<msg timestamp="20250114 21:35:37.171" level="INFO">Verifying element 'xpath=//div[@id='error']' contains exact text 'Your password is invalid!'.</msg>
<status status="PASS" starttime="20250114 21:35:37.170" endtime="20250114 21:35:37.187"/>
</kw>
<kw name="Close Browser" library="SeleniumLibrary">
<doc>Closes the current browser.</doc>
<status status="PASS" starttime="20250114 21:35:37.187" endtime="20250114 21:35:37.265"/>
</kw>
<status status="PASS" starttime="20250114 21:35:33.152" endtime="20250114 21:35:37.265"/>
</test>
<status status="PASS" starttime="20250114 21:35:33.090" endtime="20250114 21:35:37.266"/>
</suite>
<statistics>
<total>
<stat pass="1" fail="0" skip="0">All Tests</stat>
</total>
<tag>
</tag>
<suite>
<stat pass="1" fail="0" skip="0" id="s1" name="Invalid Password">Invalid Password</stat>
</suite>
</statistics>
<errors>
</errors>
</robot>
