<?xml version="1.0" encoding="UTF-8"?>
<robot generator="Robot 6.1.1 (Python 3.11.3 on darwin)" generated="20250206 15:33:18.798" rpa="false" schemaversion="4">
<suite id="s1" name="Upload" source="/Users/ananyakittipanchasap/Desktop/QA/QA/qa_FirstStep/Test.upload/upload.robot">
<test id="s1-t1" name="Upload File Test" line="9">
<kw name="Open Browser" library="SeleniumLibrary">
<arg>${URL}</arg>
<arg>Chrome</arg>
<doc>Opens a new browser instance to the optional ``url``.</doc>
<msg timestamp="20250206 15:33:18.881" level="INFO">Opening browser 'Chrome' to base url 'https://the-internet.herokuapp.com/upload'.</msg>
<status status="PASS" starttime="20250206 15:33:18.881" endtime="20250206 15:33:25.222"/>
</kw>
<kw name="Choose File" library="SeleniumLibrary">
<arg>id=file-upload</arg>
<arg>${file_path}</arg>
<doc>Inputs the ``file_path`` into the file input field ``locator``.</doc>
<msg timestamp="20250206 15:33:25.224" level="INFO">Sending /Users/ananyakittipanchasap/Desktop/QA/QA/qa_FirstStep/Test.upload/testfile.txt to browser.</msg>
<status status="PASS" starttime="20250206 15:33:25.223" endtime="20250206 15:33:25.264"/>
</kw>
<kw name="Click Button" library="SeleniumLibrary">
<arg>id=file-submit</arg>
<doc>Clicks the button identified by ``locator``.</doc>
<msg timestamp="20250206 15:33:25.264" level="INFO">Clicking button 'id=file-submit'.</msg>
<status status="PASS" starttime="20250206 15:33:25.264" endtime="20250206 15:33:25.669"/>
</kw>
<kw name="Wait Until Element Is Visible" library="SeleniumLibrary">
<arg>xpath=//div[@id='uploaded-files']</arg>
<arg>timeout=5 seconds</arg>
<doc>Waits until the element ``locator`` is visible.</doc>
<status status="PASS" starttime="20250206 15:33:25.669" endtime="20250206 15:33:25.690"/>
</kw>
<kw name="Get Text" library="SeleniumLibrary">
<var>${upload_file}</var>
<arg>xpath=//div[@id='uploaded-files']</arg>
<doc>Returns the text value of the element identified by ``locator``.</doc>
<msg timestamp="20250206 15:33:25.701" level="INFO">${upload_file} = testfile.txt</msg>
<status status="PASS" starttime="20250206 15:33:25.690" endtime="20250206 15:33:25.701"/>
</kw>
<kw name="Should Be Equal As Strings" library="BuiltIn">
<arg>${upload_file}</arg>
<arg>testfile.txt</arg>
<doc>Fails if objects are unequal after converting them to strings.</doc>
<status status="PASS" starttime="20250206 15:33:25.702" endtime="20250206 15:33:25.702"/>
</kw>
<kw name="Close Browser" library="SeleniumLibrary">
<doc>Closes the current browser.</doc>
<status status="PASS" starttime="20250206 15:33:25.702" endtime="20250206 15:33:25.780"/>
</kw>
<status status="PASS" starttime="20250206 15:33:18.881" endtime="20250206 15:33:25.780"/>
</test>
<status status="PASS" starttime="20250206 15:33:18.800" endtime="20250206 15:33:25.781"/>
</suite>
<statistics>
<total>
<stat pass="1" fail="0" skip="0">All Tests</stat>
</total>
<tag>
</tag>
<suite>
<stat pass="1" fail="0" skip="0" id="s1" name="Upload">Upload</stat>
</suite>
</statistics>
<errors>
</errors>
</robot>
